[22:54:46.328294] (system)	Session started.
[22:54:46.330808] (debug)	Module handle: 6F9A0000

MoonLoader v.026.5-beta loaded.
Developers: FYP, hnnssy, EvgeN 1137

Copyright (c) 2016, BlastHack Team
http://blast.hk/moonloader/

[22:54:46.331815] (info)	Working directory: C:\Users\PC 1234\Desktop\GTA Stories\moonloader
[22:54:46.331815] (debug)	FP Control: 0009001F
[22:54:46.331815] (debug)	Game: GTA SA 1.0.0.0 US
[22:54:46.331815] (system)	Installing pre-game hooks...
[22:54:46.337338] (system)	Hooks installed.
[22:54:54.847135] (debug)	Initializing opcode handler table
[22:54:54.848139] (debug)	package.path = C:\Users\PC 1234\Desktop\GTA Stories\moonloader\lib\?.lua;C:\Users\PC 1234\Desktop\GTA Stories\moonloader\lib\?\init.lua;C:\Users\PC 1234\Desktop\GTA Stories\moonloader\?.lua;C:\Users\PC 1234\Desktop\GTA Stories\moonloader\?\init.lua;.\?.lua;C:\Users\PC 1234\Desktop\GTA Stories\moonloader\lib\?.luac;C:\Users\PC 1234\Desktop\GTA Stories\moonloader\lib\?\init.luac;C:\Users\PC 1234\Desktop\GTA Stories\moonloader\?.luac;C:\Users\PC 1234\Desktop\GTA Stories\moonloader\?\init.luac;.\?.luac
[22:54:54.848139] (debug)	package.cpath = C:\Users\PC 1234\Desktop\GTA Stories\moonloader\lib\?.dll;
[22:54:54.857685] (system)	Loading script 'C:\Users\PC 1234\Desktop\GTA Stories\moonloader\HP-speed-radar-1.5rel.luac'...
[22:54:54.857685] (debug)	New script: 10A29DDC
[22:54:54.876841] (system)	HP Radar: Loaded successfully.
[22:55:05.646186] (system)	Installing post-load hooks...
[22:55:05.647191] (system)	Hooks installed.
[22:56:26.967700] (system)	Unloading...
[22:56:26.967700] (system)	HP Radar: Script terminated. (10A29DDC)
[22:56:26.989378] (system)	Session terminated.
